<?xml version="1.0" encoding="UTF-8"?>
<!-- Generated by org.testng.reporters.JUnitReportReporter -->
<testsuite skipped="0" hostname="LAPTOP-AL9J66UL" name="com.zd.interview_test.test.ImagePageTest" tests="1" failures="0" timestamp="18 四月 2020 12:10:06 GMT" time="14.051" errors="0">
  <testcase name="imageSearch_Test" time="14.051" classname="com.zd.interview_test.test.ImagePageTest"/>
</testsuite> <!-- com.zd.interview_test.test.ImagePageTest -->
